0 info it worked if it ends with ok
1 verbose cli [ 'node', '/usr/local/bin/npm', 'install', 'karma-babel' ]
2 info using npm@2.7.5
3 info using node@v0.12.2
4 verbose node symlink /usr/local/bin/node
5 warn package.json @ No description
6 warn package.json @ No repository field.
7 warn package.json @ scripts['tests'] should probably be scripts['test'].
8 warn package.json karma-phantomjs-launcher@0.1.4 No README data
9 warn package.json node-libs-browser@0.5.0 No repository field.
10 silly cache add args [ 'karma-babel', null ]
11 verbose cache add spec karma-babel
12 silly cache add parsed spec { raw: 'karma-babel',
12 silly cache add   scope: null,
12 silly cache add   name: 'karma-babel',
12 silly cache add   rawSpec: '',
12 silly cache add   spec: '*',
12 silly cache add   type: 'range' }
13 verbose addNamed karma-babel@*
14 silly addNamed semver.valid null
15 silly addNamed semver.validRange *
16 silly addNameRange { name: 'karma-babel', range: '*', hasData: false }
17 silly mapToRegistry name karma-babel
18 silly mapToRegistry using default registry
19 silly mapToRegistry registry https://registry.npmjs.org/
20 silly mapToRegistry uri https://registry.npmjs.org/karma-babel
21 verbose addNameRange registry:https://registry.npmjs.org/karma-babel not in flight; fetching
22 verbose request uri https://registry.npmjs.org/karma-babel
23 verbose request no auth needed
24 info attempt registry request try #1 at 16:48:12
25 verbose request id 0c0e046eb8d96452
26 http request GET https://registry.npmjs.org/karma-babel
27 http 404 https://registry.npmjs.org/karma-babel
28 verbose headers { server: 'CouchDB/1.5.0 (Erlang OTP/R16B03)',
28 verbose headers   'content-type': 'application/json',
28 verbose headers   'cache-control': 'max-age=0',
28 verbose headers   'content-length': '51',
28 verbose headers   'accept-ranges': 'bytes',
28 verbose headers   date: 'Wed, 20 May 2015 23:48:13 GMT',
28 verbose headers   via: '1.1 varnish',
28 verbose headers   age: '0',
28 verbose headers   connection: 'keep-alive',
28 verbose headers   'x-served-by': 'cache-sjc3135-SJC',
28 verbose headers   'x-cache': 'MISS',
28 verbose headers   'x-cache-hits': '0',
28 verbose headers   'x-timer': 'S1432165693.128911,VS0,VE86' }
29 silly get cb [ 404,
29 silly get   { server: 'CouchDB/1.5.0 (Erlang OTP/R16B03)',
29 silly get     'content-type': 'application/json',
29 silly get     'cache-control': 'max-age=0',
29 silly get     'content-length': '51',
29 silly get     'accept-ranges': 'bytes',
29 silly get     date: 'Wed, 20 May 2015 23:48:13 GMT',
29 silly get     via: '1.1 varnish',
29 silly get     age: '0',
29 silly get     connection: 'keep-alive',
29 silly get     'x-served-by': 'cache-sjc3135-SJC',
29 silly get     'x-cache': 'MISS',
29 silly get     'x-cache-hits': '0',
29 silly get     'x-timer': 'S1432165693.128911,VS0,VE86' } ]
30 verbose stack Error: 404 Not Found: karma-babel
30 verbose stack     at CachingRegistryClient.<anonymous> (/usr/local/lib/node_modules/npm/node_modules/npm-registry-client/lib/request.js:245:14)
30 verbose stack     at Request._callback (/usr/local/lib/node_modules/npm/node_modules/npm-registry-client/lib/request.js:170:14)
30 verbose stack     at Request.self.callback (/usr/local/lib/node_modules/npm/node_modules/request/request.js:360:22)
30 verbose stack     at Request.emit (events.js:110:17)
30 verbose stack     at Request.<anonymous> (/usr/local/lib/node_modules/npm/node_modules/request/request.js:1202:14)
30 verbose stack     at Request.emit (events.js:129:20)
30 verbose stack     at IncomingMessage.<anonymous> (/usr/local/lib/node_modules/npm/node_modules/request/request.js:1150:12)
30 verbose stack     at IncomingMessage.emit (events.js:129:20)
30 verbose stack     at _stream_readable.js:908:16
30 verbose stack     at process._tickCallback (node.js:355:11)
31 verbose statusCode 404
32 verbose pkgid karma-babel
33 verbose cwd /Users/trevorclarke/Github/babel
34 error Darwin 14.3.0
35 error argv "node" "/usr/local/bin/npm" "install" "karma-babel"
36 error node v0.12.2
37 error npm  v2.7.5
38 error code E404
39 error 404 Not Found: karma-babel
39 error 404
39 error 404 'karma-babel' is not in the npm registry.
39 error 404 You should bug the author to publish it (or use the name yourself!)
39 error 404
39 error 404 Note that you can also install from a
39 error 404 tarball, folder, http url, or git url.
40 verbose exit [ 1, true ]
